lcamtuf@coredump.cx ,
frantzen@w4g.org ,
lcamtuf@coredump.cx ,
frantzen@openbsd.org ,
bugs@openbsd.org ,
slavazanko@gmail.com ,
quentin.monnet@netronome.com ,
j@w1.fi ,
thalman@redhat.com ,
jskarvad@redhat.com ,
user@my.server ,
jtang@tresys.com ,
staff@americas.example ,
accv@accv.es ,
ec_acc@catcert.net ,
pki@sk.ee ,
pki@sk.ee ,
info@izenpe.com ,
accv@accv.es ,
ec_acc@catcert.net ,
pki@sk.ee ,
pki@sk.ee ,
info@izenpe.com ,
dhowells@redhat.com ,
64@openssh.com ,
users@lists.sourceforge ,
keygen@dsa.service ,
keygen@rsa.service ,
A.Ballardie@cs.ucl ,
admin@example.com ,
admin@example.com ,
